Using pre-set license
Built from '2020.3/staging' branch; Version is '2020.3.6f1 (338bb68529b2) revision 3378102'; Using compiler version '192528614'; Build Type 'Release'
OS: 'Windows 10 Home Single Language; OS build 19042.928; Version 2009; 64bit' Language: 'pt' Physical Memory: 16243 MB
BatchMode: 1, IsHumanControllingUs: 0, StartBugReporterOnCrash: 0, Is64bit: 1, IsPro: 0

 COMMAND LINE ARGUMENTS:
C:\Program Files\2020.3.6f1\Editor\Unity.exe
-adb2
-batchMode
-noUpm
-name
AssetImportWorker1
-projectPath
C:/Users/miche/Documents/Unity/SpaceRace/Space Race
-logFile
Logs/AssetImportWorker1.log
-srvPort
59812
Successfully changed project path to: C:/Users/miche/Documents/Unity/SpaceRace/Space Race
C:/Users/miche/Documents/Unity/SpaceRace/Space Race
Using Asset Import Pipeline V2.
Refreshing native plugins compatible for Editor in 23.59 ms, found 0 plugins.
Preloading 0 native plugins for Editor in 0.00 ms.
Initialize engine version: 2020.3.6f1 (338bb68529b2)
[Subsystems] Discovering subsystems at path C:/Program Files/2020.3.6f1/Editor/Data/Resources/UnitySubsystems
[Subsystems] Discovering subsystems at path C:/Users/miche/Documents/Unity/SpaceRace/Space Race/Assets
GfxDevice: creating device client; threaded=0
Direct3D:
    Version:  Direct3D 11.0 [level 11.1]
    Renderer: NVIDIA GeForce GTX 1050 Ti (ID=0x1c8c)
    Vendor:   
    VRAM:     4018 MB
    Driver:   27.21.14.5771
Initialize mono
Mono path[0] = 'C:/Program Files/2020.3.6f1/Editor/Data/Managed'
Mono path[1] = 'C:/Program Files/2020.3.6f1/Editor/Data/MonoBleedingEdge/lib/mono/unityjit'
Mono config path = 'C:/Program Files/2020.3.6f1/Editor/Data/MonoBleedingEdge/etc'
Using monoOptions --debugger-agent=transport=dt_socket,embedding=1,server=y,suspend=n,address=127.0.0.1:56064
Begin MonoManager ReloadAssembly
Registering precompiled unity dll's ...
Register platform support module: C:/Program Files/2020.3.6f1/Editor/Data/PlaybackEngines/WebGLSupport/UnityEditor.WebGL.Extensions.dll
Register platform support module: C:/Program Files/2020.3.6f1/Editor/Data/PlaybackEngines/WindowsStandaloneSupport/UnityEditor.WindowsStandalone.Extensions.dll
Registered in 0.002970 seconds.
Native extension for WindowsStandalone target not found
Native extension for WebGL target not found
Refreshing native plugins compatible for Editor in 23.65 ms, found 0 plugins.
Preloading 0 native plugins for Editor in 0.00 ms.
Mono: successfully reloaded assembly
- Completed reload, in  1.258 seconds
Platform modules already initialized, skipping
Registering precompiled user dll's ...
Registered in 0.000837 seconds.
Begin MonoManager ReloadAssembly
Native extension for WindowsStandalone target not found
Native extension for WebGL target not found
Refreshing native plugins compatible for Editor in 0.22 ms, found 0 plugins.
Preloading 0 native plugins for Editor in 0.00 ms.
Mono: successfully reloaded assembly
- Completed reload, in  0.809 seconds
Platform modules already initialized, skipping
========================================================================
Worker process is ready to serve import requests
Launched and connected shader compiler UnityShaderCompiler.exe after 0.12 seconds
Refreshing native plugins compatible for Editor in 0.21 ms, found 0 plugins.
Preloading 0 native plugins for Editor in 0.00 ms.
Unloading 1117 Unused Serialized files (Serialized files now loaded: 0)
System memory in use before: 69.4 MB.
System memory in use after: 69.4 MB.

Unloading 10 unused Assets to reduce memory usage. Loaded Objects now: 1577.
Total: 1.787300 ms (FindLiveObjects: 0.115900 ms CreateObjectMapping: 0.034600 ms MarkObjects: 1.566700 ms  DeleteObjects: 0.069200 ms)

========================================================================
Received Import Request.
  path: Assets/Imported/Asset/Scenes/Drift Track 1.unity
  artifactKey: Guid(1b79d6efdff189a4d81bbccceebe4741) Importer(815301076,1909f56bfc062723c751e8b465ee728b)
Start importing Assets/Imported/Asset/Scenes/Drift Track 1.unity using Guid(1b79d6efdff189a4d81bbccceebe4741) Importer(815301076,1909f56bfc062723c751e8b465ee728b)  -> (artifact id: '64abc521876e720c9ae1e79c77476f22') in 0.011085 seconds
  Import took 0.012821 seconds .

========================================================================
Received Import Request.
  Time since last request: 174.871921 seconds.
  path: Assets/Imported/Asset/Scenes/Sprint Track.unity
  artifactKey: Guid(46478303f7c601e4e8584cb7f8d31d7f) Importer(815301076,1909f56bfc062723c751e8b465ee728b)
Start importing Assets/Imported/Asset/Scenes/Sprint Track.unity using Guid(46478303f7c601e4e8584cb7f8d31d7f) Importer(815301076,1909f56bfc062723c751e8b465ee728b)  -> (artifact id: '2c418fe76d20e5ac9524e7c065992e12') in 0.003465 seconds
  Import took 0.005945 seconds .

========================================================================
Received Import Request.
  Time since last request: 48.186990 seconds.
  path: Assets/Scenes/Race1.unity
  artifactKey: Guid(1b79d6efdff189a4d81bbccceebe4741) Importer(815301076,1909f56bfc062723c751e8b465ee728b)
Start importing Assets/Scenes/Race1.unity using Guid(1b79d6efdff189a4d81bbccceebe4741) Importer(815301076,1909f56bfc062723c751e8b465ee728b)  -> (artifact id: '2da70d84fcb123300eab1492df937f43') in 0.002759 seconds
  Import took 0.004564 seconds .

========================================================================
Received Import Request.
  Time since last request: 0.004579 seconds.
  path: Assets/Scenes/Race1.unity
  artifactKey: Guid(1b79d6efdff189a4d81bbccceebe4741) Importer(815301076,1909f56bfc062723c751e8b465ee728b)
Start importing Assets/Scenes/Race1.unity using Guid(1b79d6efdff189a4d81bbccceebe4741) Importer(815301076,1909f56bfc062723c751e8b465ee728b)  -> (artifact id: '2da70d84fcb123300eab1492df937f43') in 0.002809 seconds
  Import took 0.004721 seconds .

========================================================================
Received Import Request.
  Time since last request: 42.807060 seconds.
  path: Assets/Imported/Asset/Track Assets/Prefebs/Arrow.prefab
  artifactKey: Guid(414cc761931515a429fbf1ddd546998d) Importer(815301076,1909f56bfc062723c751e8b465ee728b)
Start importing Assets/Imported/Asset/Track Assets/Prefebs/Arrow.prefab using Guid(414cc761931515a429fbf1ddd546998d) Importer(815301076,1909f56bfc062723c751e8b465ee728b)  -> (artifact id: 'd371f69319719637e210b261d429adeb') in 0.315938 seconds
  Import took 0.318396 seconds .

========================================================================
Received Import Request.
  Time since last request: 131.999529 seconds.
  path: Assets/Imported/StarSparrow/Prefabs/StarSparrow1.prefab
  artifactKey: Guid(f805c7b2f982faf43833878e4f22ae2a) Importer(815301076,1909f56bfc062723c751e8b465ee728b)
Start importing Assets/Imported/StarSparrow/Prefabs/StarSparrow1.prefab using Guid(f805c7b2f982faf43833878e4f22ae2a) Importer(815301076,1909f56bfc062723c751e8b465ee728b)  -> (artifact id: 'b98061c700011588f50a85144325277e') in 0.728357 seconds
  Import took 0.731132 seconds .

========================================================================
Received Import Request.
  Time since last request: 11.611998 seconds.
  path: Assets/Imported/StarSparrow/Prefabs/StarSparrow2.prefab
  artifactKey: Guid(dae7a3955bbf76e409d09988296acacb) Importer(815301076,1909f56bfc062723c751e8b465ee728b)
Start importing Assets/Imported/StarSparrow/Prefabs/StarSparrow2.prefab using Guid(dae7a3955bbf76e409d09988296acacb) Importer(815301076,1909f56bfc062723c751e8b465ee728b)  -> (artifact id: 'ab1358fa7aee469603f8e982ff1b4a77') in 0.166615 seconds
  Import took 0.168774 seconds .

========================================================================
Received Import Request.
  Time since last request: 0.000281 seconds.
  path: Assets/Imported/StarSparrow/Prefabs/StarSparrow10.prefab
  artifactKey: Guid(fb80d574ec67a7c4e8ef1a14a65990f6) Importer(815301076,1909f56bfc062723c751e8b465ee728b)
Start importing Assets/Imported/StarSparrow/Prefabs/StarSparrow10.prefab using Guid(fb80d574ec67a7c4e8ef1a14a65990f6) Importer(815301076,1909f56bfc062723c751e8b465ee728b)  -> (artifact id: '14492d112c012328b2d9cdec1f671666') in 0.566687 seconds
  Import took 0.568957 seconds .

========================================================================
Received Import Request.
  Time since last request: 0.000317 seconds.
  path: Assets/Imported/StarSparrow/Prefabs/StarSparrow11.prefab
  artifactKey: Guid(5a073d16030e9bb4ab4bab71c3124066) Importer(815301076,1909f56bfc062723c751e8b465ee728b)
Start importing Assets/Imported/StarSparrow/Prefabs/StarSparrow11.prefab using Guid(5a073d16030e9bb4ab4bab71c3124066) Importer(815301076,1909f56bfc062723c751e8b465ee728b)  -> (artifact id: '91bae248e72d0ef5cc9c1def7f228e14') in 0.095036 seconds
  Import took 0.097267 seconds .

========================================================================
Received Import Request.
  Time since last request: 0.000304 seconds.
  path: Assets/Imported/StarSparrow/Prefabs/StarSparrow13.prefab
  artifactKey: Guid(6647bc14b7f253f4aa7ed042ccbd8304) Importer(815301076,1909f56bfc062723c751e8b465ee728b)
Start importing Assets/Imported/StarSparrow/Prefabs/StarSparrow13.prefab using Guid(6647bc14b7f253f4aa7ed042ccbd8304) Importer(815301076,1909f56bfc062723c751e8b465ee728b)  -> (artifact id: '81b16b18291ea80a5842e967714dbce3') in 0.078884 seconds
  Import took 0.080909 seconds .

========================================================================
Received Import Request.
  Time since last request: 0.000271 seconds.
  path: Assets/Imported/StarSparrow/Prefabs/StarSparrow4.prefab
  artifactKey: Guid(206dc24d514cdd146a07be8e731a56e9) Importer(815301076,1909f56bfc062723c751e8b465ee728b)
Start importing Assets/Imported/StarSparrow/Prefabs/StarSparrow4.prefab using Guid(206dc24d514cdd146a07be8e731a56e9) Importer(815301076,1909f56bfc062723c751e8b465ee728b)  -> (artifact id: '76e840bc87d6fd9ef6a75be790431820') in 0.019333 seconds
  Import took 0.022055 seconds .

========================================================================
Received Import Request.
  Time since last request: 0.000359 seconds.
  path: Assets/Imported/StarSparrow/Prefabs/StarSparrow8.prefab
  artifactKey: Guid(12e2965e034095b40b035c26bdecd5ed) Importer(815301076,1909f56bfc062723c751e8b465ee728b)
Start importing Assets/Imported/StarSparrow/Prefabs/StarSparrow8.prefab using Guid(12e2965e034095b40b035c26bdecd5ed) Importer(815301076,1909f56bfc062723c751e8b465ee728b)  -> (artifact id: 'bdfc6546a87f0b855c410830fb1288c4') in 0.085525 seconds
  Import took 0.087715 seconds .

========================================================================
Received Import Request.
  Time since last request: 0.000521 seconds.
  path: Assets/Imported/StarSparrow/Prefabs/StarSparrow3.prefab
  artifactKey: Guid(e261f7b66a8f0fd4492d87df1eee4222) Importer(815301076,1909f56bfc062723c751e8b465ee728b)
Start importing Assets/Imported/StarSparrow/Prefabs/StarSparrow3.prefab using Guid(e261f7b66a8f0fd4492d87df1eee4222) Importer(815301076,1909f56bfc062723c751e8b465ee728b)  -> (artifact id: '8b9090de466341a88b2434f6cf9f61dc') in 0.063995 seconds
  Import took 0.066048 seconds .

========================================================================
Received Import Request.
  Time since last request: 0.000292 seconds.
  path: Assets/Imported/StarSparrow/Prefabs/StarSparrow5.prefab
  artifactKey: Guid(4d54efa43b03b1845b929768cf25e790) Importer(815301076,1909f56bfc062723c751e8b465ee728b)
Start importing Assets/Imported/StarSparrow/Prefabs/StarSparrow5.prefab using Guid(4d54efa43b03b1845b929768cf25e790) Importer(815301076,1909f56bfc062723c751e8b465ee728b)  -> (artifact id: 'b0ace7025888200e6017078827e6668c') in 0.129158 seconds
  Import took 0.131433 seconds .

========================================================================
Received Import Request.
  Time since last request: 0.000311 seconds.
  path: Assets/Imported/StarSparrow/Prefabs/StarSparrow12.prefab
  artifactKey: Guid(79e4c0d1647edb24e82e40e6b4bcaa7b) Importer(815301076,1909f56bfc062723c751e8b465ee728b)
Start importing Assets/Imported/StarSparrow/Prefabs/StarSparrow12.prefab using Guid(79e4c0d1647edb24e82e40e6b4bcaa7b) Importer(815301076,1909f56bfc062723c751e8b465ee728b)  -> (artifact id: '5544d18e6f444a7747ebdce9075e8a57') in 0.108872 seconds
  Import took 0.111039 seconds .

========================================================================
Received Import Request.
  Time since last request: 0.000297 seconds.
  path: Assets/Imported/StarSparrow/Prefabs/StarSparrow9.prefab
  artifactKey: Guid(7861019a7b8cb6f4db5310695263b29a) Importer(815301076,1909f56bfc062723c751e8b465ee728b)
Start importing Assets/Imported/StarSparrow/Prefabs/StarSparrow9.prefab using Guid(7861019a7b8cb6f4db5310695263b29a) Importer(815301076,1909f56bfc062723c751e8b465ee728b)  -> (artifact id: '5fa53e2501ba27a831cf42c98a334019') in 0.334166 seconds
  Import took 0.336233 seconds .

========================================================================
Received Import Request.
  Time since last request: 0.000305 seconds.
  path: Assets/Imported/StarSparrow/Prefabs/StarSparrow6.prefab
  artifactKey: Guid(33942a27e06a55e498652847d7d15f99) Importer(815301076,1909f56bfc062723c751e8b465ee728b)
Start importing Assets/Imported/StarSparrow/Prefabs/StarSparrow6.prefab using Guid(33942a27e06a55e498652847d7d15f99) Importer(815301076,1909f56bfc062723c751e8b465ee728b)  -> (artifact id: '2e82f2cef7d89e4af4f9fa1dd94ba88b') in 0.118806 seconds
  Import took 0.120817 seconds .

========================================================================
Received Import Request.
  Time since last request: 0.000293 seconds.
  path: Assets/Imported/StarSparrow/Prefabs/StarSparrow7.prefab
  artifactKey: Guid(c79905ec17c169a49b75177b6cf0d524) Importer(815301076,1909f56bfc062723c751e8b465ee728b)
Start importing Assets/Imported/StarSparrow/Prefabs/StarSparrow7.prefab using Guid(c79905ec17c169a49b75177b6cf0d524) Importer(815301076,1909f56bfc062723c751e8b465ee728b)  -> (artifact id: 'd440e082915540a6c5c08a313926f19c') in 0.407827 seconds
  Import took 0.410442 seconds .

========================================================================
Received Import Request.
  Time since last request: 3.530671 seconds.
  path: Assets/Imported/StarSparrow/Prefabs/Modules
  artifactKey: Guid(2d09feb5c6dc6c44c8ebb8a5dda70247) Importer(815301076,1909f56bfc062723c751e8b465ee728b)
Start importing Assets/Imported/StarSparrow/Prefabs/Modules using Guid(2d09feb5c6dc6c44c8ebb8a5dda70247) Importer(815301076,1909f56bfc062723c751e8b465ee728b)  -> (artifact id: '946c614cf4dae645d94ed857a6a47f0e') in 0.002818 seconds
  Import took 0.005022 seconds .

========================================================================
Received Import Request.
  Time since last request: 0.001392 seconds.
  path: Assets/Imported/StarSparrow/Prefabs/Modules
  artifactKey: Guid(2d09feb5c6dc6c44c8ebb8a5dda70247) Importer(815301076,1909f56bfc062723c751e8b465ee728b)
Start importing Assets/Imported/StarSparrow/Prefabs/Modules using Guid(2d09feb5c6dc6c44c8ebb8a5dda70247) Importer(815301076,1909f56bfc062723c751e8b465ee728b)  -> (artifact id: '946c614cf4dae645d94ed857a6a47f0e') in 0.002268 seconds
  Import took 0.004170 seconds .

========================================================================
Received Import Request.
  Time since last request: 0.035522 seconds.
  path: Assets/Imported/StarSparrow/Prefabs/Modules/StarSparrow_Core.prefab
  artifactKey: Guid(328366602c7f9ae4aa29ecb957c7731d) Importer(815301076,1909f56bfc062723c751e8b465ee728b)
Start importing Assets/Imported/StarSparrow/Prefabs/Modules/StarSparrow_Core.prefab using Guid(328366602c7f9ae4aa29ecb957c7731d) Importer(815301076,1909f56bfc062723c751e8b465ee728b)  -> (artifact id: 'd51af60e2db3a1bef9401d6d9c177a62') in 0.043388 seconds
  Import took 0.045491 seconds .

========================================================================
Received Import Request.
  Time since last request: 0.000302 seconds.
  path: Assets/Imported/StarSparrow/Prefabs/Modules/StarSparrow_Engine.prefab
  artifactKey: Guid(01b4c9caff0ad4d48ac8cb23e89e5224) Importer(815301076,1909f56bfc062723c751e8b465ee728b)
Start importing Assets/Imported/StarSparrow/Prefabs/Modules/StarSparrow_Engine.prefab using Guid(01b4c9caff0ad4d48ac8cb23e89e5224) Importer(815301076,1909f56bfc062723c751e8b465ee728b)  -> (artifact id: 'a4daa4444998d9c7a68acdb699fe50aa') in 0.016749 seconds
  Import took 0.018736 seconds .

========================================================================
Received Import Request.
  Time since last request: 0.000286 seconds.
  path: Assets/Imported/StarSparrow/Prefabs/Modules/StarSparrow_Plasma.prefab
  artifactKey: Guid(157f084336ed05c45947433542a2eba2) Importer(815301076,1909f56bfc062723c751e8b465ee728b)
Start importing Assets/Imported/StarSparrow/Prefabs/Modules/StarSparrow_Plasma.prefab using Guid(157f084336ed05c45947433542a2eba2) Importer(815301076,1909f56bfc062723c751e8b465ee728b)  -> (artifact id: 'f06a052020f95b9d31fa037920948b04') in 0.020491 seconds
  Import took 0.022507 seconds .

========================================================================
Received Import Request.
  Time since last request: 0.000294 seconds.
  path: Assets/Imported/StarSparrow/Prefabs/Modules/StarSparrow_Weapon.prefab
  artifactKey: Guid(1f78031b7183f2a4498c4cfc761ca60c) Importer(815301076,1909f56bfc062723c751e8b465ee728b)
Start importing Assets/Imported/StarSparrow/Prefabs/Modules/StarSparrow_Weapon.prefab using Guid(1f78031b7183f2a4498c4cfc761ca60c) Importer(815301076,1909f56bfc062723c751e8b465ee728b)  -> (artifact id: 'f9e8b4c8416f639060d8aada5ee11b32') in 0.029920 seconds
  Import took 0.031865 seconds .

========================================================================
Received Import Request.
  Time since last request: 0.000300 seconds.
  path: Assets/Imported/StarSparrow/Prefabs/Modules/StarSparrow_Wing_2.prefab
  artifactKey: Guid(dde490f5ea9b7d94d9594ec8d6435f29) Importer(815301076,1909f56bfc062723c751e8b465ee728b)
Start importing Assets/Imported/StarSparrow/Prefabs/Modules/StarSparrow_Wing_2.prefab using Guid(dde490f5ea9b7d94d9594ec8d6435f29) Importer(815301076,1909f56bfc062723c751e8b465ee728b)  -> (artifact id: '50924731d99f0c014eb4d1be90c914c6') in 0.041272 seconds
  Import took 0.043228 seconds .

========================================================================
Received Import Request.
  Time since last request: 0.000294 seconds.
  path: Assets/Imported/StarSparrow/Prefabs/Modules/StarSparrow_Wing_3.prefab
  artifactKey: Guid(53643d8f33e9df94ba733d00e1c6d10c) Importer(815301076,1909f56bfc062723c751e8b465ee728b)
Start importing Assets/Imported/StarSparrow/Prefabs/Modules/StarSparrow_Wing_3.prefab using Guid(53643d8f33e9df94ba733d00e1c6d10c) Importer(815301076,1909f56bfc062723c751e8b465ee728b)  -> (artifact id: '8704970e144835c32bff015137c72f14') in 0.034669 seconds
  Import took 0.037242 seconds .

========================================================================
Received Import Request.
  Time since last request: 0.000380 seconds.
  path: Assets/Imported/StarSparrow/Prefabs/Modules/StarSparrow_Wing_1.prefab
  artifactKey: Guid(b30ca3097cfd8de47aa1ba38578e0c30) Importer(815301076,1909f56bfc062723c751e8b465ee728b)
Start importing Assets/Imported/StarSparrow/Prefabs/Modules/StarSparrow_Wing_1.prefab using Guid(b30ca3097cfd8de47aa1ba38578e0c30) Importer(815301076,1909f56bfc062723c751e8b465ee728b)  -> (artifact id: '9fa35c84987e4529ebf1fb20db5d5b38') in 0.020090 seconds
  Import took 0.022456 seconds .

========================================================================
Received Import Request.
  Time since last request: 0.000436 seconds.
  path: Assets/Imported/StarSparrow/Prefabs/Modules/StarSparrow_Thruster.prefab
  artifactKey: Guid(2d009ca22ab0fc141ade283e835e506a) Importer(815301076,1909f56bfc062723c751e8b465ee728b)
Start importing Assets/Imported/StarSparrow/Prefabs/Modules/StarSparrow_Thruster.prefab using Guid(2d009ca22ab0fc141ade283e835e506a) Importer(815301076,1909f56bfc062723c751e8b465ee728b)  -> (artifact id: '03b6ed27b70d03fd63e68d6fe5741a92') in 0.018594 seconds
  Import took 0.021514 seconds .

========================================================================
Received Prepare
Registering precompiled user dll's ...
Registered in 0.000851 seconds.
Begin MonoManager ReloadAssembly
Native extension for WindowsStandalone target not found
Native extension for WebGL target not found
Refreshing native plugins compatible for Editor in 0.23 ms, found 0 plugins.
Preloading 0 native plugins for Editor in 0.00 ms.
System.ArgumentOutOfRangeException: Length cannot be less than zero.
Parameter name: length
  at System.String.Substring (System.Int32 startIndex, System.Int32 length) [0x0004a] in <695d1cc93cca45069c528c15c9fdd749>:0 
  at Cinemachine.Editor.ScriptableObjectUtility.get_CinemachineInstallAssetPath () [0x00016] in C:\Users\miche\Documents\Unity\SpaceRace\Space Race\Assets\Cinemachine\Base\Editor\Utility\ScriptableObjectUtility.cs:23 
  at Cinemachine.Editor.ScriptableObjectUtility.get_CinemachineInstallPath () [0x00000] in C:\Users\miche\Documents\Unity\SpaceRace\Space Race\Assets\Cinemachine\Base\Editor\Utility\ScriptableObjectUtility.cs:13 
  at Cinemachine.Editor.CinemachineBrainEditor+InstallGizmos..cctor () [0x00000] in C:\Users\miche\Documents\Unity\SpaceRace\Space Race\Assets\Cinemachine\Base\Editor\Editors\CinemachineBrainEditor.cs:150 
UnityEngine.StackTraceUtility:ExtractStackTrace ()
UnityEngine.DebugLogHandler:LogFormat (UnityEngine.LogType,UnityEngine.Object,string,object[])
UnityEngine.Logger:Log (UnityEngine.LogType,object)
UnityEngine.Debug:LogError (object)
UnityEditor.EditorAssemblies:ProcessInitializeOnLoadAttributes (System.Type[])

Mono: successfully reloaded assembly
- Completed reload, in  1.238 seconds
Platform modules already initialized, skipping
Refreshing native plugins compatible for Editor in 0.22 ms, found 0 plugins.
Preloading 0 native plugins for Editor in 0.00 ms.
Unloading 1209 Unused Serialized files (Serialized files now loaded: 0)
System memory in use before: 75.8 MB.
System memory in use after: 75.8 MB.

Unloading 5 unused Assets to reduce memory usage. Loaded Objects now: 1685.
Total: 1.776900 ms (FindLiveObjects: 0.221100 ms CreateObjectMapping: 0.043200 ms MarkObjects: 1.460900 ms  DeleteObjects: 0.049800 ms)

========================================================================
Received Prepare
Registering precompiled user dll's ...
Registered in 0.000747 seconds.
Begin MonoManager ReloadAssembly
Native extension for WindowsStandalone target not found
Native extension for WebGL target not found
Refreshing native plugins compatible for Editor in 0.23 ms, found 0 plugins.
Preloading 0 native plugins for Editor in 0.00 ms.
Mono: successfully reloaded assembly
- Completed reload, in  1.140 seconds
Platform modules already initialized, skipping
Refreshing native plugins compatible for Editor in 0.22 ms, found 0 plugins.
Preloading 0 native plugins for Editor in 0.00 ms.
Unloading 1209 Unused Serialized files (Serialized files now loaded: 0)
System memory in use before: 75.8 MB.
System memory in use after: 75.9 MB.

Unloading 6 unused Assets to reduce memory usage. Loaded Objects now: 1689.
Total: 1.685400 ms (FindLiveObjects: 0.148800 ms CreateObjectMapping: 0.043200 ms MarkObjects: 1.441000 ms  DeleteObjects: 0.050800 ms)

========================================================================
Received Import Request.
  Time since last request: 463.294302 seconds.
  path: Assets/Scripts
  artifactKey: Guid(472562da97d2f5c4b94467a2f8c3a3a5) Importer(815301076,1909f56bfc062723c751e8b465ee728b)
Start importing Assets/Scripts using Guid(472562da97d2f5c4b94467a2f8c3a3a5) Importer(815301076,1909f56bfc062723c751e8b465ee728b)  -> (artifact id: 'cf25bd4dc7c21603fb2bdce49e940412') in 0.005023 seconds
  Import took 0.007128 seconds .

========================================================================
Received Import Request.
  Time since last request: 0.004507 seconds.
  path: Assets/Scripts
  artifactKey: Guid(472562da97d2f5c4b94467a2f8c3a3a5) Importer(815301076,1909f56bfc062723c751e8b465ee728b)
Start importing Assets/Scripts using Guid(472562da97d2f5c4b94467a2f8c3a3a5) Importer(815301076,1909f56bfc062723c751e8b465ee728b)  -> (artifact id: 'cf25bd4dc7c21603fb2bdce49e940412') in 0.002514 seconds
  Import took 0.004629 seconds .

========================================================================
Received Prepare
Registering precompiled user dll's ...
Registered in 0.000750 seconds.
Begin MonoManager ReloadAssembly
Native extension for WindowsStandalone target not found
Native extension for WebGL target not found
Refreshing native plugins compatible for Editor in 0.22 ms, found 0 plugins.
Preloading 0 native plugins for Editor in 0.00 ms.
Mono: successfully reloaded assembly
- Completed reload, in  1.188 seconds
Platform modules already initialized, skipping
Refreshing native plugins compatible for Editor in 0.35 ms, found 0 plugins.
Preloading 0 native plugins for Editor in 0.00 ms.
Unloading 1209 Unused Serialized files (Serialized files now loaded: 0)
System memory in use before: 75.8 MB.
System memory in use after: 75.9 MB.

Unloading 6 unused Assets to reduce memory usage. Loaded Objects now: 1692.
Total: 1.641500 ms (FindLiveObjects: 0.123600 ms CreateObjectMapping: 0.035400 ms MarkObjects: 1.439500 ms  DeleteObjects: 0.042100 ms)

========================================================================
Received Import Request.
  Time since last request: 9.750857 seconds.
  path: Assets/Scripts/ShipController.cs
  artifactKey: Guid(75a5c6944ac21c349bdfdc3b055027ad) Importer(815301076,1909f56bfc062723c751e8b465ee728b)
Start importing Assets/Scripts/ShipController.cs using Guid(75a5c6944ac21c349bdfdc3b055027ad) Importer(815301076,1909f56bfc062723c751e8b465ee728b)  -> (artifact id: 'e8ecd0f877bb99a71efa0fec00d29458') in 0.027437 seconds
  Import took 0.029403 seconds .

========================================================================
Received Prepare
Registering precompiled user dll's ...
Registered in 0.000834 seconds.
Begin MonoManager ReloadAssembly
Native extension for WindowsStandalone target not found
Native extension for WebGL target not found
Refreshing native plugins compatible for Editor in 0.22 ms, found 0 plugins.
Preloading 0 native plugins for Editor in 0.00 ms.
Mono: successfully reloaded assembly
- Completed reload, in  1.165 seconds
Platform modules already initialized, skipping
Refreshing native plugins compatible for Editor in 0.22 ms, found 0 plugins.
Preloading 0 native plugins for Editor in 0.00 ms.
Unloading 1209 Unused Serialized files (Serialized files now loaded: 0)
System memory in use before: 75.8 MB.
System memory in use after: 75.9 MB.

Unloading 6 unused Assets to reduce memory usage. Loaded Objects now: 1695.
Total: 1.753100 ms (FindLiveObjects: 0.190900 ms CreateObjectMapping: 0.059600 ms MarkObjects: 1.451700 ms  DeleteObjects: 0.049800 ms)

========================================================================
Received Prepare
Registering precompiled user dll's ...
Registered in 0.000810 seconds.
Begin MonoManager ReloadAssembly
Native extension for WindowsStandalone target not found
Native extension for WebGL target not found
Refreshing native plugins compatible for Editor in 0.26 ms, found 0 plugins.
Preloading 0 native plugins for Editor in 0.00 ms.
Mono: successfully reloaded assembly
- Completed reload, in  1.139 seconds
Platform modules already initialized, skipping
Refreshing native plugins compatible for Editor in 0.22 ms, found 0 plugins.
Preloading 0 native plugins for Editor in 0.00 ms.
Unloading 1209 Unused Serialized files (Serialized files now loaded: 0)
System memory in use before: 75.8 MB.
System memory in use after: 75.9 MB.

Unloading 6 unused Assets to reduce memory usage. Loaded Objects now: 1698.
Total: 1.707900 ms (FindLiveObjects: 0.141200 ms CreateObjectMapping: 0.034900 ms MarkObjects: 1.484700 ms  DeleteObjects: 0.045900 ms)

========================================================================
Received Prepare
Registering precompiled user dll's ...
Registered in 0.000818 seconds.
Begin MonoManager ReloadAssembly
Native extension for WindowsStandalone target not found
Native extension for WebGL target not found
Refreshing native plugins compatible for Editor in 0.22 ms, found 0 plugins.
Preloading 0 native plugins for Editor in 0.00 ms.
Mono: successfully reloaded assembly
- Completed reload, in  1.158 seconds
Platform modules already initialized, skipping
Refreshing native plugins compatible for Editor in 0.22 ms, found 0 plugins.
Preloading 0 native plugins for Editor in 0.00 ms.
Unloading 1209 Unused Serialized files (Serialized files now loaded: 0)
System memory in use before: 75.8 MB.
System memory in use after: 75.9 MB.

Unloading 6 unused Assets to reduce memory usage. Loaded Objects now: 1701.
Total: 1.930500 ms (FindLiveObjects: 0.136900 ms CreateObjectMapping: 0.042100 ms MarkObjects: 1.701600 ms  DeleteObjects: 0.048800 ms)

========================================================================
Received Prepare
Registering precompiled user dll's ...
Registered in 0.000836 seconds.
Begin MonoManager ReloadAssembly
Native extension for WindowsStandalone target not found
Native extension for WebGL target not found
Refreshing native plugins compatible for Editor in 0.24 ms, found 0 plugins.
Preloading 0 native plugins for Editor in 0.00 ms.
Mono: successfully reloaded assembly
- Completed reload, in  1.116 seconds
Platform modules already initialized, skipping
Refreshing native plugins compatible for Editor in 0.23 ms, found 0 plugins.
Preloading 0 native plugins for Editor in 0.00 ms.
Unloading 1209 Unused Serialized files (Serialized files now loaded: 0)
System memory in use before: 75.8 MB.
System memory in use after: 75.9 MB.

Unloading 6 unused Assets to reduce memory usage. Loaded Objects now: 1704.
Total: 1.841800 ms (FindLiveObjects: 0.152400 ms CreateObjectMapping: 0.046700 ms MarkObjects: 1.584200 ms  DeleteObjects: 0.057100 ms)

========================================================================
Received Prepare
Registering precompiled user dll's ...
Registered in 0.000846 seconds.
Begin MonoManager ReloadAssembly
Native extension for WindowsStandalone target not found
Native extension for WebGL target not found
Refreshing native plugins compatible for Editor in 0.23 ms, found 0 plugins.
Preloading 0 native plugins for Editor in 0.00 ms.
Mono: successfully reloaded assembly
- Completed reload, in  1.135 seconds
Platform modules already initialized, skipping
Refreshing native plugins compatible for Editor in 0.22 ms, found 0 plugins.
Preloading 0 native plugins for Editor in 0.00 ms.
Unloading 1209 Unused Serialized files (Serialized files now loaded: 0)
System memory in use before: 75.8 MB.
System memory in use after: 75.9 MB.

Unloading 6 unused Assets to reduce memory usage. Loaded Objects now: 1707.
Total: 1.822200 ms (FindLiveObjects: 0.125400 ms CreateObjectMapping: 0.030500 ms MarkObjects: 1.612000 ms  DeleteObjects: 0.052800 ms)

========================================================================
Received Prepare
Registering precompiled user dll's ...
Registered in 0.000823 seconds.
Begin MonoManager ReloadAssembly
Native extension for WindowsStandalone target not found
Native extension for WebGL target not found
Refreshing native plugins compatible for Editor in 0.23 ms, found 0 plugins.
Preloading 0 native plugins for Editor in 0.00 ms.
Mono: successfully reloaded assembly
- Completed reload, in  1.125 seconds
Platform modules already initialized, skipping
Refreshing native plugins compatible for Editor in 0.22 ms, found 0 plugins.
Preloading 0 native plugins for Editor in 0.00 ms.
Unloading 1209 Unused Serialized files (Serialized files now loaded: 0)
System memory in use before: 75.8 MB.
System memory in use after: 75.9 MB.

Unloading 6 unused Assets to reduce memory usage. Loaded Objects now: 1710.
Total: 2.242300 ms (FindLiveObjects: 0.606000 ms CreateObjectMapping: 0.089600 ms MarkObjects: 1.495700 ms  DeleteObjects: 0.049200 ms)

========================================================================
Received Prepare
Registering precompiled user dll's ...
Registered in 0.000826 seconds.
Begin MonoManager ReloadAssembly
Native extension for WindowsStandalone target not found
Native extension for WebGL target not found
Refreshing native plugins compatible for Editor in 0.23 ms, found 0 plugins.
Preloading 0 native plugins for Editor in 0.00 ms.
Mono: successfully reloaded assembly
- Completed reload, in  1.150 seconds
Platform modules already initialized, skipping
Refreshing native plugins compatible for Editor in 0.22 ms, found 0 plugins.
Preloading 0 native plugins for Editor in 0.00 ms.
Unloading 1209 Unused Serialized files (Serialized files now loaded: 0)
System memory in use before: 75.9 MB.
System memory in use after: 76.0 MB.

Unloading 6 unused Assets to reduce memory usage. Loaded Objects now: 1713.
Total: 1.585000 ms (FindLiveObjects: 0.131500 ms CreateObjectMapping: 0.042600 ms MarkObjects: 1.364100 ms  DeleteObjects: 0.045700 ms)

========================================================================
Received Prepare
Registering precompiled user dll's ...
Registered in 0.000844 seconds.
Begin MonoManager ReloadAssembly
Native extension for WindowsStandalone target not found
Native extension for WebGL target not found
Refreshing native plugins compatible for Editor in 0.26 ms, found 0 plugins.
Preloading 0 native plugins for Editor in 0.00 ms.
Mono: successfully reloaded assembly
- Completed reload, in  1.125 seconds
Platform modules already initialized, skipping
Refreshing native plugins compatible for Editor in 0.23 ms, found 0 plugins.
Preloading 0 native plugins for Editor in 0.00 ms.
Unloading 1209 Unused Serialized files (Serialized files now loaded: 0)
System memory in use before: 75.9 MB.
System memory in use after: 76.0 MB.

Unloading 6 unused Assets to reduce memory usage. Loaded Objects now: 1716.
Total: 1.841700 ms (FindLiveObjects: 0.141000 ms CreateObjectMapping: 0.039400 ms MarkObjects: 1.612400 ms  DeleteObjects: 0.047500 ms)

AssetImportWorkerClient::OnTransportError - code=2 error=End of file
